# JRE version: OpenJDK Runtime Environment (8.0_242-b01) (build 1.8.0_242-release-1644-b01)
# Java VM: OpenJDK 64-Bit Server VM (25.242-b01 mixed mode windows-amd64 compressed oops)
Heap:
 PSYoungGen      total 320512K, used 15149K [0x00000000d5580000, 0x00000000ee880000, 0x0000000100000000)
  eden space 290816K, 5% used [0x00000000d5580000,0x00000000d644b540,0x00000000e7180000)
  from space 29696K, 0% used [0x00000000e9c80000,0x00000000e9c80000,0x00000000eb980000)
  to   space 44032K, 0% used [0x00000000e7180000,0x00000000e7180000,0x00000000e9c80000)
 ParOldGen       total 114688K, used 68866K [0x0000000080000000, 0x0000000087000000, 0x00000000d5580000)
  object space 114688K, 60% used [0x0000000080000000,0x0000000084340910,0x0000000087000000)
 Metaspace       used 92536K, capacity 96350K, committed 98636K, reserved 1134592K
  class space    used 11987K, capacity 12804K, committed 13312K, reserved 1048576K
GC Heap History (10 events):
Event: 29.967 GC heap before
{Heap before GC invocations=16 (full 3):
 PSYoungGen      total 224768K, used 207360K [0x00000000d5580000, 0x00000000e4400000, 0x0000000100000000)
  eden space 207360K, 100% used [0x00000000d5580000,0x00000000e2000000,0x00000000e2000000)
  from space 17408K, 0% used [0x00000000e3300000,0x00000000e3300000,0x00000000e4400000)
  to   space 18432K, 0% used [0x00000000e2000000,0x00000000e2000000,0x00000000e3200000)
 ParOldGen       total 114688K, used 32282K [0x0000000080000000, 0x0000000087000000, 0x00000000d5580000)
  object space 114688K, 28% used [0x0000000080000000,0x0000000081f868c0,0x0000000087000000)
 Metaspace       used 69602K, capacity 72552K, committed 72792K, reserved 1112064K
  class space    used 9432K, capacity 10042K, committed 10112K, reserved 1048576K
Event: 30.013 GC heap after
Heap after GC invocations=16 (full 3):
 PSYoungGen      total 225792K, used 18429K [0x00000000d5580000, 0x00000000e7e00000, 0x0000000100000000)
  eden space 207360K, 0% used [0x00000000d5580000,0x00000000d5580000,0x00000000e2000000)
  from space 18432K, 99% used [0x00000000e2000000,0x00000000e31ff410,0x00000000e3200000)
  to   space 21504K, 0% used [0x00000000e6900000,0x00000000e6900000,0x00000000e7e00000)
 ParOldGen       total 114688K, used 33046K [0x0000000080000000, 0x0000000087000000, 0x00000000d5580000)
  object space 114688K, 28% used [0x0000000080000000,0x00000000820458c8,0x0000000087000000)
 Metaspace       used 69602K, capacity 72552K, committed 72792K, reserved 1112064K
  class space    used 9432K, capacity 10042K, committed 10112K, reserved 1048576K
}
Event: 37.374 GC heap before
{Heap before GC invocations=17 (full 3):
 PSYoungGen      total 225792K, used 225789K [0x00000000d5580000, 0x00000000e7e00000, 0x0000000100000000)
  eden space 207360K, 100% used [0x00000000d5580000,0x00000000e2000000,0x00000000e2000000)
  from space 18432K, 99% used [0x00000000e2000000,0x00000000e31ff410,0x00000000e3200000)
  to   space 21504K, 0% used [0x00000000e6900000,0x00000000e6900000,0x00000000e7e00000)
 ParOldGen       total 114688K, used 33046K [0x0000000080000000, 0x0000000087000000, 0x00000000d5580000)
  object space 114688K, 28% used [0x0000000080000000,0x00000000820458c8,0x0000000087000000)
 Metaspace       used 81888K, capacity 85650K, committed 85848K, reserved 1124352K
  class space    used 11091K, capacity 11862K, committed 11904K, reserved 1048576K
Event: 37.417 GC heap after
Heap after GC invocations=17 (full 3):
 PSYoungGen      total 276992K, used 20507K [0x00000000d5580000, 0x00000000e7f00000, 0x0000000100000000)
  eden space 255488K, 0% used [0x00000000d5580000,0x00000000d5580000,0x00000000e4f00000)
  from space 21504K, 95% used [0x00000000e6900000,0x00000000e7d06da8,0x00000000e7e00000)
  to   space 24576K, 0% used [0x00000000e4f00000,0x00000000e4f00000,0x00000000e6700000)
 ParOldGen       total 114688K, used 43323K [0x0000000080000000, 0x0000000087000000, 0x00000000d5580000)
  object space 114688K, 37% used [0x0000000080000000,0x0000000082a4ee38,0x0000000087000000)
 Metaspace       used 81888K, capacity 85650K, committed 85848K, reserved 1124352K
  class space    used 11091K, capacity 11862K, committed 11904K, reserved 1048576K
}
Event: 2376.359 GC heap before
{Heap before GC invocations=18 (full 3):
 PSYoungGen      total 276992K, used 275995K [0x00000000d5580000, 0x00000000e7f00000, 0x0000000100000000)
  eden space 255488K, 100% used [0x00000000d5580000,0x00000000e4f00000,0x00000000e4f00000)
  from space 21504K, 95% used [0x00000000e6900000,0x00000000e7d06da8,0x00000000e7e00000)
  to   space 24576K, 0% used [0x00000000e4f00000,0x00000000e4f00000,0x00000000e6700000)
 ParOldGen       total 114688K, used 43323K [0x0000000080000000, 0x0000000087000000, 0x00000000d5580000)
  object space 114688K, 37% used [0x0000000080000000,0x0000000082a4ee38,0x0000000087000000)
 Metaspace       used 88579K, capacity 93188K, committed 93272K, reserved 1130496K
  class space    used 11662K, capacity 12655K, committed 12672K, reserved 1048576K
Event: 2376.869 GC heap after
Heap after GC invocations=18 (full 3):
 PSYoungGen      total 280064K, used 24545K [0x00000000d5580000, 0x00000000eb980000, 0x0000000100000000)
  eden space 255488K, 0% used [0x00000000d5580000,0x00000000d5580000,0x00000000e4f00000)
  from space 24576K, 99% used [0x00000000e4f00000,0x00000000e66f8718,0x00000000e6700000)
  to   space 29696K, 0% used [0x00000000e9c80000,0x00000000e9c80000,0x00000000eb980000)
 ParOldGen       total 114688K, used 47032K [0x0000000080000000, 0x0000000087000000, 0x00000000d5580000)
  object space 114688K, 41% used [0x0000000080000000,0x0000000082dee1c8,0x0000000087000000)
 Metaspace       used 88579K, capacity 93188K, committed 93272K, reserved 1130496K
  class space    used 11662K, capacity 12655K, committed 12672K, reserved 1048576K
}
Event: 2386.382 GC heap before
{Heap before GC invocations=19 (full 3):
 PSYoungGen      total 280064K, used 236397K [0x00000000d5580000, 0x00000000eb980000, 0x0000000100000000)
  eden space 255488K, 82% used [0x00000000d5580000,0x00000000e2462e30,0x00000000e4f00000)
  from space 24576K, 99% used [0x00000000e4f00000,0x00000000e66f8718,0x00000000e6700000)
  to   space 29696K, 0% used [0x00000000e9c80000,0x00000000e9c80000,0x00000000eb980000)
 ParOldGen       total 114688K, used 47032K [0x0000000080000000, 0x0000000087000000, 0x00000000d5580000)
  object space 114688K, 41% used [0x0000000080000000,0x0000000082dee1c8,0x0000000087000000)
 Metaspace       used 93393K, capacity 98246K, committed 98380K, reserved 1134592K
  class space    used 12205K, capacity 13286K, committed 13312K, reserved 1048576K
Event: 2386.734 GC heap after
Heap after GC invocations=19 (full 3):
 PSYoungGen      total 320512K, used 29692K [0x00000000d5580000, 0x00000000ee880000, 0x0000000100000000)
  eden space 290816K, 0% used [0x00000000d5580000,0x00000000d5580000,0x00000000e7180000)
  from space 29696K, 99% used [0x00000000e9c80000,0x00000000eb97f3c8,0x00000000eb980000)
  to   space 44032K, 0% used [0x00000000e7180000,0x00000000e7180000,0x00000000e9c80000)
 ParOldGen       total 114688K, used 73483K [0x0000000080000000, 0x0000000087000000, 0x00000000d5580000)
  object space 114688K, 64% used [0x0000000080000000,0x00000000847c2d80,0x0000000087000000)
 Metaspace       used 93393K, capacity 98246K, committed 98380K, reserved 1134592K
  class space    used 12205K, capacity 13286K, committed 13312K, reserved 1048576K
}
Event: 2386.735 GC heap before
{Heap before GC invocations=20 (full 4):
 PSYoungGen      total 320512K, used 29692K [0x00000000d5580000, 0x00000000ee880000, 0x0000000100000000)
  eden space 290816K, 0% used [0x00000000d5580000,0x00000000d5580000,0x00000000e7180000)
  from space 29696K, 99% used [0x00000000e9c80000,0x00000000eb97f3c8,0x00000000eb980000)
  to   space 44032K, 0% used [0x00000000e7180000,0x00000000e7180000,0x00000000e9c80000)
 ParOldGen       total 114688K, used 73483K [0x0000000080000000, 0x0000000087000000, 0x00000000d5580000)
  object space 114688K, 64% used [0x0000000080000000,0x00000000847c2d80,0x0000000087000000)
 Metaspace       used 93393K, capacity 98246K, committed 98380K, reserved 1134592K
  class space    used 12205K, capacity 13286K, committed 13312K, reserved 1048576K
Event: 2388.217 GC heap after
Heap after GC invocations=20 (full 4):
 PSYoungGen      total 320512K, used 0K [0x00000000d5580000, 0x00000000ee880000, 0x0000000100000000)
  eden space 290816K, 0% used [0x00000000d5580000,0x00000000d5580000,0x00000000e7180000)
  from space 29696K, 0% used [0x00000000e9c80000,0x00000000e9c80000,0x00000000eb980000)
  to   space 44032K, 0% used [0x00000000e7180000,0x00000000e7180000,0x00000000e9c80000)
 ParOldGen       total 114688K, used 68866K [0x0000000080000000, 0x0000000087000000, 0x00000000d5580000)
  object space 114688K, 60% used [0x0000000080000000,0x0000000084340910,0x0000000087000000)
 Metaspace       used 92227K, capacity 95974K, committed 98380K, reserved 1134592K
  class space    used 11960K, capacity 12768K, committed 13312K, reserved 1048576K
}

