# JRE version: OpenJDK Runtime Environment (8.0_242-b01) (build 1.8.0_242-release-1644-b01)
# Java VM: OpenJDK 64-Bit Server VM (25.242-b01 mixed mode windows-amd64 compressed oops)
Heap:
 PSYoungGen      total 308224K, used 172849K [0x00000000d5580000, 0x00000000eb000000, 0x0000000100000000)
  eden space 261120K, 62% used [0x00000000d5580000,0x00000000df5a59d0,0x00000000e5480000)
  from space 47104K, 18% used [0x00000000e8180000,0x00000000e8a26cd8,0x00000000eaf80000)
  to   space 46080K, 0% used [0x00000000e5480000,0x00000000e5480000,0x00000000e8180000)
 ParOldGen       total 128512K, used 99721K [0x0000000080000000, 0x0000000087d80000, 0x00000000d5580000)
  object space 128512K, 77% used [0x0000000080000000,0x0000000086162468,0x0000000087d80000)
 Metaspace       used 86078K, capacity 91142K, committed 91432K, reserved 1128448K
  class space    used 11863K, capacity 12781K, committed 12840K, reserved 1048576K
GC Heap History (10 events):
Event: 13.084 GC heap before
{Heap before GC invocations=15 (full 3):
 PSYoungGen      total 202752K, used 11622K [0x00000000d5580000, 0x00000000e3200000, 0x0000000100000000)
  eden space 183808K, 0% used [0x00000000d5580000,0x00000000d5580000,0x00000000e0900000)
  from space 18944K, 61% used [0x00000000e1b80000,0x00000000e26d9bf0,0x00000000e2e00000)
  to   space 18944K, 0% used [0x00000000e0900000,0x00000000e0900000,0x00000000e1b80000)
 ParOldGen       total 86016K, used 33112K [0x0000000080000000, 0x0000000085400000, 0x00000000d5580000)
  object space 86016K, 38% used [0x0000000080000000,0x00000000820562b0,0x0000000085400000)
 Metaspace       used 56663K, capacity 59054K, committed 59160K, reserved 1099776K
  class space    used 7763K, capacity 8272K, committed 8360K, reserved 1048576K
Event: 13.420 GC heap after
Heap after GC invocations=15 (full 3):
 PSYoungGen      total 202752K, used 0K [0x00000000d5580000, 0x00000000e3200000, 0x0000000100000000)
  eden space 183808K, 0% used [0x00000000d5580000,0x00000000d5580000,0x00000000e0900000)
  from space 18944K, 0% used [0x00000000e1b80000,0x00000000e1b80000,0x00000000e2e00000)
  to   space 18944K, 0% used [0x00000000e0900000,0x00000000e0900000,0x00000000e1b80000)
 ParOldGen       total 128512K, used 30538K [0x0000000080000000, 0x0000000087d80000, 0x00000000d5580000)
  object space 128512K, 23% used [0x0000000080000000,0x0000000081dd2b40,0x0000000087d80000)
 Metaspace       used 56638K, capacity 58970K, committed 59160K, reserved 1099776K
  class space    used 7755K, capacity 8258K, committed 8360K, reserved 1048576K
}
Event: 16.569 GC heap before
{Heap before GC invocations=16 (full 3):
 PSYoungGen      total 202752K, used 183808K [0x00000000d5580000, 0x00000000e3200000, 0x0000000100000000)
  eden space 183808K, 100% used [0x00000000d5580000,0x00000000e0900000,0x00000000e0900000)
  from space 18944K, 0% used [0x00000000e1b80000,0x00000000e1b80000,0x00000000e2e00000)
  to   space 18944K, 0% used [0x00000000e0900000,0x00000000e0900000,0x00000000e1b80000)
 ParOldGen       total 128512K, used 30538K [0x0000000080000000, 0x0000000087d80000, 0x00000000d5580000)
  object space 128512K, 23% used [0x0000000080000000,0x0000000081dd2b40,0x0000000087d80000)
 Metaspace       used 64476K, capacity 67774K, committed 68008K, reserved 1107968K
  class space    used 8940K, capacity 9592K, committed 9640K, reserved 1048576K
Event: 16.587 GC heap after
Heap after GC invocations=16 (full 3):
 PSYoungGen      total 202752K, used 15844K [0x00000000d5580000, 0x00000000e5400000, 0x0000000100000000)
  eden space 183808K, 0% used [0x00000000d5580000,0x00000000d5580000,0x00000000e0900000)
  from space 18944K, 83% used [0x00000000e0900000,0x00000000e1879010,0x00000000e1b80000)
  to   space 20480K, 0% used [0x00000000e4000000,0x00000000e4000000,0x00000000e5400000)
 ParOldGen       total 128512K, used 30546K [0x0000000080000000, 0x0000000087d80000, 0x00000000d5580000)
  object space 128512K, 23% used [0x0000000080000000,0x0000000081dd4b40,0x0000000087d80000)
 Metaspace       used 64476K, capacity 67774K, committed 68008K, reserved 1107968K
  class space    used 8940K, capacity 9592K, committed 9640K, reserved 1048576K
}
Event: 18.893 GC heap before
{Heap before GC invocations=17 (full 3):
 PSYoungGen      total 202752K, used 199652K [0x00000000d5580000, 0x00000000e5400000, 0x0000000100000000)
  eden space 183808K, 100% used [0x00000000d5580000,0x00000000e0900000,0x00000000e0900000)
  from space 18944K, 83% used [0x00000000e0900000,0x00000000e1879010,0x00000000e1b80000)
  to   space 20480K, 0% used [0x00000000e4000000,0x00000000e4000000,0x00000000e5400000)
 ParOldGen       total 128512K, used 30546K [0x0000000080000000, 0x0000000087d80000, 0x00000000d5580000)
  object space 128512K, 23% used [0x0000000080000000,0x0000000081dd4b40,0x0000000087d80000)
 Metaspace       used 69630K, capacity 73316K, committed 73512K, reserved 1112064K
  class space    used 9588K, capacity 10265K, committed 10280K, reserved 1048576K
Event: 18.916 GC heap after
Heap after GC invocations=17 (full 3):
 PSYoungGen      total 234496K, used 20457K [0x00000000d5580000, 0x00000000e5d00000, 0x0000000100000000)
  eden space 214016K, 0% used [0x00000000d5580000,0x00000000d5580000,0x00000000e2680000)
  from space 20480K, 99% used [0x00000000e4000000,0x00000000e53fa4b0,0x00000000e5400000)
  to   space 26112K, 0% used [0x00000000e2680000,0x00000000e2680000,0x00000000e4000000)
 ParOldGen       total 128512K, used 37290K [0x0000000080000000, 0x0000000087d80000, 0x00000000d5580000)
  object space 128512K, 29% used [0x0000000080000000,0x000000008246a8b8,0x0000000087d80000)
 Metaspace       used 69630K, capacity 73316K, committed 73512K, reserved 1112064K
  class space    used 9588K, capacity 10265K, committed 10280K, reserved 1048576K
}
Event: 22.164 GC heap before
{Heap before GC invocations=18 (full 3):
 PSYoungGen      total 234496K, used 234473K [0x00000000d5580000, 0x00000000e5d00000, 0x0000000100000000)
  eden space 214016K, 100% used [0x00000000d5580000,0x00000000e2680000,0x00000000e2680000)
  from space 20480K, 99% used [0x00000000e4000000,0x00000000e53fa4b0,0x00000000e5400000)
  to   space 26112K, 0% used [0x00000000e2680000,0x00000000e2680000,0x00000000e4000000)
 ParOldGen       total 128512K, used 37290K [0x0000000080000000, 0x0000000087d80000, 0x00000000d5580000)
  object space 128512K, 29% used [0x0000000080000000,0x000000008246a8b8,0x0000000087d80000)
 Metaspace       used 76088K, capacity 80378K, committed 80552K, reserved 1118208K
  class space    used 10568K, capacity 11340K, committed 11432K, reserved 1048576K
Event: 22.259 GC heap after
Heap after GC invocations=18 (full 3):
 PSYoungGen      total 240128K, used 26101K [0x00000000d5580000, 0x00000000eaf80000, 0x0000000100000000)
  eden space 214016K, 0% used [0x00000000d5580000,0x00000000d5580000,0x00000000e2680000)
  from space 26112K, 99% used [0x00000000e2680000,0x00000000e3ffd750,0x00000000e4000000)
  to   space 47104K, 0% used [0x00000000e8180000,0x00000000e8180000,0x00000000eaf80000)
 ParOldGen       total 128512K, used 84108K [0x0000000080000000, 0x0000000087d80000, 0x00000000d5580000)
  object space 128512K, 65% used [0x0000000080000000,0x00000000852231d0,0x0000000087d80000)
 Metaspace       used 76088K, capacity 80378K, committed 80552K, reserved 1118208K
  class space    used 10568K, capacity 11340K, committed 11432K, reserved 1048576K
}
Event: 24.381 GC heap before
{Heap before GC invocations=19 (full 3):
 PSYoungGen      total 240128K, used 240117K [0x00000000d5580000, 0x00000000eaf80000, 0x0000000100000000)
  eden space 214016K, 100% used [0x00000000d5580000,0x00000000e2680000,0x00000000e2680000)
  from space 26112K, 99% used [0x00000000e2680000,0x00000000e3ffd750,0x00000000e4000000)
  to   space 47104K, 0% used [0x00000000e8180000,0x00000000e8180000,0x00000000eaf80000)
 ParOldGen       total 128512K, used 84108K [0x0000000080000000, 0x0000000087d80000, 0x00000000d5580000)
  object space 128512K, 65% used [0x0000000080000000,0x00000000852231d0,0x0000000087d80000)
 Metaspace       used 77113K, capacity 81528K, committed 81704K, reserved 1120256K
  class space    used 10654K, capacity 11447K, committed 11560K, reserved 1048576K
Event: 24.434 GC heap after
Heap after GC invocations=19 (full 3):
 PSYoungGen      total 308224K, used 8859K [0x00000000d5580000, 0x00000000eb000000, 0x0000000100000000)
  eden space 261120K, 0% used [0x00000000d5580000,0x00000000d5580000,0x00000000e5480000)
  from space 47104K, 18% used [0x00000000e8180000,0x00000000e8a26cd8,0x00000000eaf80000)
  to   space 46080K, 0% used [0x00000000e5480000,0x00000000e5480000,0x00000000e8180000)
 ParOldGen       total 128512K, used 99721K [0x0000000080000000, 0x0000000087d80000, 0x00000000d5580000)
  object space 128512K, 77% used [0x0000000080000000,0x0000000086162468,0x0000000087d80000)
 Metaspace       used 77113K, capacity 81528K, committed 81704K, reserved 1120256K
  class space    used 10654K, capacity 11447K, committed 11560K, reserved 1048576K
}

