# JRE version: OpenJDK Runtime Environment (8.0_242-b01) (build 1.8.0_242-release-1644-b01)
# Java VM: OpenJDK 64-Bit Server VM (25.242-b01 mixed mode windows-amd64 compressed oops)
Heap:
 PSYoungGen      total 243200K, used 231207K [0x00000000d5580000, 0x00000000e5d80000, 0x0000000100000000)
  eden space 224256K, 95% used [0x00000000d5580000,0x00000000e27392f0,0x00000000e3080000)
  from space 18944K, 86% used [0x00000000e4b00000,0x00000000e5b10cf0,0x00000000e5d80000)
  to   space 23040K, 0% used [0x00000000e3080000,0x00000000e3080000,0x00000000e4700000)
 ParOldGen       total 125440K, used 30272K [0x0000000080000000, 0x0000000087a80000, 0x00000000d5580000)
  object space 125440K, 24% used [0x0000000080000000,0x0000000081d90318,0x0000000087a80000)
 Metaspace       used 76690K, capacity 80556K, committed 80808K, reserved 1118208K
  class space    used 10363K, capacity 11061K, committed 11184K, reserved 1048576K
GC Heap History (10 events):
Event: 12.536 GC heap before
{Heap before GC invocations=13 (full 2):
 PSYoungGen      total 163328K, used 161071K [0x00000000d5580000, 0x00000000e0980000, 0x0000000100000000)
  eden space 150528K, 100% used [0x00000000d5580000,0x00000000de880000,0x00000000de880000)
  from space 12800K, 82% used [0x00000000df580000,0x00000000dffcbd20,0x00000000e0200000)
  to   space 13312K, 0% used [0x00000000de880000,0x00000000de880000,0x00000000df580000)
 ParOldGen       total 86528K, used 17440K [0x0000000080000000, 0x0000000085480000, 0x00000000d5580000)
  object space 86528K, 20% used [0x0000000080000000,0x0000000081108118,0x0000000085480000)
 Metaspace       used 54684K, capacity 56928K, committed 57128K, reserved 1097728K
  class space    used 7463K, capacity 7947K, committed 7984K, reserved 1048576K
Event: 12.575 GC heap after
Heap after GC invocations=13 (full 2):
 PSYoungGen      total 163840K, used 13292K [0x00000000d5580000, 0x00000000e3080000, 0x0000000100000000)
  eden space 150528K, 0% used [0x00000000d5580000,0x00000000d5580000,0x00000000de880000)
  from space 13312K, 99% used [0x00000000de880000,0x00000000df57b330,0x00000000df580000)
  to   space 19456K, 0% used [0x00000000e1d80000,0x00000000e1d80000,0x00000000e3080000)
 ParOldGen       total 86528K, used 28852K [0x0000000080000000, 0x0000000085480000, 0x00000000d5580000)
  object space 86528K, 33% used [0x0000000080000000,0x0000000081c2d328,0x0000000085480000)
 Metaspace       used 54684K, capacity 56928K, committed 57128K, reserved 1097728K
  class space    used 7463K, capacity 7947K, committed 7984K, reserved 1048576K
}
Event: 13.058 GC heap before
{Heap before GC invocations=14 (full 2):
 PSYoungGen      total 163840K, used 42780K [0x00000000d5580000, 0x00000000e3080000, 0x0000000100000000)
  eden space 150528K, 19% used [0x00000000d5580000,0x00000000d724be00,0x00000000de880000)
  from space 13312K, 99% used [0x00000000de880000,0x00000000df57b330,0x00000000df580000)
  to   space 19456K, 0% used [0x00000000e1d80000,0x00000000e1d80000,0x00000000e3080000)
 ParOldGen       total 86528K, used 28852K [0x0000000080000000, 0x0000000085480000, 0x00000000d5580000)
  object space 86528K, 33% used [0x0000000080000000,0x0000000081c2d328,0x0000000085480000)
 Metaspace       used 56598K, capacity 59002K, committed 59160K, reserved 1099776K
  class space    used 7756K, capacity 8246K, committed 8368K, reserved 1048576K
Event: 13.087 GC heap after
Heap after GC invocations=14 (full 2):
 PSYoungGen      total 204800K, used 11809K [0x00000000d5580000, 0x00000000e3b80000, 0x0000000100000000)
  eden space 185344K, 0% used [0x00000000d5580000,0x00000000d5580000,0x00000000e0a80000)
  from space 19456K, 60% used [0x00000000e1d80000,0x00000000e2908600,0x00000000e3080000)
  to   space 19456K, 0% used [0x00000000e0a80000,0x00000000e0a80000,0x00000000e1d80000)
 ParOldGen       total 86528K, used 32902K [0x0000000080000000, 0x0000000085480000, 0x00000000d5580000)
  object space 86528K, 38% used [0x0000000080000000,0x0000000082021af8,0x0000000085480000)
 Metaspace       used 56598K, capacity 59002K, committed 59160K, reserved 1099776K
  class space    used 7756K, capacity 8246K, committed 8368K, reserved 1048576K
}
Event: 13.087 GC heap before
{Heap before GC invocations=15 (full 3):
 PSYoungGen      total 204800K, used 11809K [0x00000000d5580000, 0x00000000e3b80000, 0x0000000100000000)
  eden space 185344K, 0% used [0x00000000d5580000,0x00000000d5580000,0x00000000e0a80000)
  from space 19456K, 60% used [0x00000000e1d80000,0x00000000e2908600,0x00000000e3080000)
  to   space 19456K, 0% used [0x00000000e0a80000,0x00000000e0a80000,0x00000000e1d80000)
 ParOldGen       total 86528K, used 32902K [0x0000000080000000, 0x0000000085480000, 0x00000000d5580000)
  object space 86528K, 38% used [0x0000000080000000,0x0000000082021af8,0x0000000085480000)
 Metaspace       used 56598K, capacity 59002K, committed 59160K, reserved 1099776K
  class space    used 7756K, capacity 8246K, committed 8368K, reserved 1048576K
Event: 13.394 GC heap after
Heap after GC invocations=15 (full 3):
 PSYoungGen      total 204800K, used 0K [0x00000000d5580000, 0x00000000e3b80000, 0x0000000100000000)
  eden space 185344K, 0% used [0x00000000d5580000,0x00000000d5580000,0x00000000e0a80000)
  from space 19456K, 0% used [0x00000000e1d80000,0x00000000e1d80000,0x00000000e3080000)
  to   space 19456K, 0% used [0x00000000e0a80000,0x00000000e0a80000,0x00000000e1d80000)
 ParOldGen       total 125440K, used 30256K [0x0000000080000000, 0x0000000087a80000, 0x00000000d5580000)
  object space 125440K, 24% used [0x0000000080000000,0x0000000081d8c318,0x0000000087a80000)
 Metaspace       used 56561K, capacity 58876K, committed 59160K, reserved 1099776K
  class space    used 7745K, capacity 8225K, committed 8368K, reserved 1048576K
}
Event: 17.013 GC heap before
{Heap before GC invocations=16 (full 3):
 PSYoungGen      total 204800K, used 185344K [0x00000000d5580000, 0x00000000e3b80000, 0x0000000100000000)
  eden space 185344K, 100% used [0x00000000d5580000,0x00000000e0a80000,0x00000000e0a80000)
  from space 19456K, 0% used [0x00000000e1d80000,0x00000000e1d80000,0x00000000e3080000)
  to   space 19456K, 0% used [0x00000000e0a80000,0x00000000e0a80000,0x00000000e1d80000)
 ParOldGen       total 125440K, used 30256K [0x0000000080000000, 0x0000000087a80000, 0x00000000d5580000)
  object space 125440K, 24% used [0x0000000080000000,0x0000000081d8c318,0x0000000087a80000)
 Metaspace       used 64855K, capacity 68212K, committed 68520K, reserved 1107968K
  class space    used 8979K, capacity 9581K, committed 9648K, reserved 1048576K
Event: 17.034 GC heap after
Heap after GC invocations=16 (full 3):
 PSYoungGen      total 204800K, used 18789K [0x00000000d5580000, 0x00000000e6080000, 0x0000000100000000)
  eden space 185344K, 0% used [0x00000000d5580000,0x00000000d5580000,0x00000000e0a80000)
  from space 19456K, 96% used [0x00000000e0a80000,0x00000000e1cd95b0,0x00000000e1d80000)
  to   space 22016K, 0% used [0x00000000e4b00000,0x00000000e4b00000,0x00000000e6080000)
 ParOldGen       total 125440K, used 30264K [0x0000000080000000, 0x0000000087a80000, 0x00000000d5580000)
  object space 125440K, 24% used [0x0000000080000000,0x0000000081d8e318,0x0000000087a80000)
 Metaspace       used 64855K, capacity 68212K, committed 68520K, reserved 1107968K
  class space    used 8979K, capacity 9581K, committed 9648K, reserved 1048576K
}
Event: 20.019 GC heap before
{Heap before GC invocations=17 (full 3):
 PSYoungGen      total 204800K, used 204133K [0x00000000d5580000, 0x00000000e6080000, 0x0000000100000000)
  eden space 185344K, 100% used [0x00000000d5580000,0x00000000e0a80000,0x00000000e0a80000)
  from space 19456K, 96% used [0x00000000e0a80000,0x00000000e1cd95b0,0x00000000e1d80000)
  to   space 22016K, 0% used [0x00000000e4b00000,0x00000000e4b00000,0x00000000e6080000)
 ParOldGen       total 125440K, used 30264K [0x0000000080000000, 0x0000000087a80000, 0x00000000d5580000)
  object space 125440K, 24% used [0x0000000080000000,0x0000000081d8e318,0x0000000087a80000)
 Metaspace       used 70812K, capacity 74328K, committed 74536K, reserved 1114112K
  class space    used 9631K, capacity 10271K, committed 10288K, reserved 1048576K
Event: 20.035 GC heap after
Heap after GC invocations=17 (full 3):
 PSYoungGen      total 243200K, used 16451K [0x00000000d5580000, 0x00000000e5d80000, 0x0000000100000000)
  eden space 224256K, 0% used [0x00000000d5580000,0x00000000d5580000,0x00000000e3080000)
  from space 18944K, 86% used [0x00000000e4b00000,0x00000000e5b10cf0,0x00000000e5d80000)
  to   space 23040K, 0% used [0x00000000e3080000,0x00000000e3080000,0x00000000e4700000)
 ParOldGen       total 125440K, used 30272K [0x0000000080000000, 0x0000000087a80000, 0x00000000d5580000)
  object space 125440K, 24% used [0x0000000080000000,0x0000000081d90318,0x0000000087a80000)
 Metaspace       used 70812K, capacity 74328K, committed 74536K, reserved 1114112K
  class space    used 9631K, capacity 10271K, committed 10288K, reserved 1048576K
}

